<?xml version="1.0" encoding="UTF-8"?>
<!-- Generated by org.testng.reporters.JUnitReportReporter -->
<testsuite hostname="DESKTOP-K2V67A8" failures="0" tests="1" name="test.TestNgDemo" time="0.692" errors="0" timestamp="2023-11-01T23:04:57 GMT-07:00" skipped="0">
  <testcase classname="test.TestNgDemo" name="googleSearch" time="0.692"/>
</testsuite> <!-- test.TestNgDemo -->
