<?xml version="1.0" encoding="UTF-8"?>
<!-- Generated by org.testng.reporters.JUnitReportReporter -->
<testsuite hostname="DESKTOP-K2V67A8" failures="0" tests="1" name="test.Test1_GoogleSearch" time="0.644" errors="0" timestamp="2023-10-15T13:10:43 GMT-07:00" skipped="0">
  <testcase classname="test.Test1_GoogleSearch" name="googleSearch" time="0.644"/>
</testsuite> <!-- test.Test1_GoogleSearch -->
