<?xml version="1.0" encoding="UTF-8"?>
<!-- Generated by org.testng.reporters.JUnitReportReporter -->
<testsuite hostname="DESKTOP-K2V67A8" failures="0" tests="3" name="demo.TestNgDependencyDemo" time="0.013" errors="0" timestamp="2023-11-04T21:28:41 GMT-07:00" skipped="0">
  <testcase classname="demo.TestNgDependencyDemo" name="test1" time="0.001"/>
  <testcase classname="demo.TestNgDependencyDemo" name="test3" time="0.001"/>
  <testcase classname="demo.TestNgDependencyDemo" name="test2" time="0.011"/>
</testsuite> <!-- demo.TestNgDependencyDemo -->
