<?xml version="1.0" encoding="UTF-8"?>
<!-- Generated by org.testng.reporters.JUnitReportReporter -->
<testsuite hostname="DESKTOP-K2V67A8" failures="0" tests="2" name="demo.TestNgPriorityDemo" time="0.013" errors="0" timestamp="2023-11-04T17:06:06 GMT-07:00" skipped="0">
  <testcase classname="demo.TestNgPriorityDemo" name="test" time="0.012"/>
  <testcase classname="demo.TestNgPriorityDemo" name="test2" time="0.001"/>
</testsuite> <!-- demo.TestNgPriorityDemo -->
