<?xml version="1.0" encoding="UTF-8"?>
<!-- Generated by org.testng.reporters.JUnitReportReporter -->
<testsuite hostname="DESKTOP-K2V67A8" failures="0" tests="3" name="demo.TestNGIgnoreDemo" time="0.029" errors="0" timestamp="2023-11-04T21:53:55 GMT-07:00" skipped="1">
  <testcase classname="demo.TestNGIgnoreDemo" name="test2" time="0.027"/>
  <testcase classname="demo.TestNGIgnoreDemo" name="test3" time="0.002"/>
  <testcase classname="demo.TestNGIgnoreDemo" name="test1">
    <skipped/>
  </testcase> <!-- test1 -->
</testsuite> <!-- demo.TestNGIgnoreDemo -->
