<?xml version="1.0" encoding="UTF-8"?>
<!-- Generated by org.testng.reporters.JUnitReportReporter -->
<testsuite hostname="DESKTOP-K2V67A8" failures="0" tests="3" name="com.testframework.qa.testcases.WomenPageTest" time="12.014" errors="0" timestamp="2023-11-16T22:30:39 GMT-08:00" skipped="0">
  <testcase classname="com.testframework.qa.testcases.WomenPageTest" name="verifyWhatsNewPageTitleTest" time="4.758"/>
  <testcase classname="com.testframework.qa.testcases.WomenPageTest" name="verifyWhatsNewPageTitleTest3" time="3.327"/>
  <testcase classname="com.testframework.qa.testcases.WomenPageTest" name="verifyWhatsNewPageTitleTest2" time="3.929"/>
</testsuite> <!-- com.testframework.qa.testcases.WomenPageTest -->
