<?xml version="1.0" encoding="UTF-8"?>
<!-- Generated by org.testng.reporters.JUnitReportReporter -->
<testsuite hostname="DESKTOP-K2V67A8" failures="0" tests="1" name="com.testframework.qa.testcases.MyAccountPageTest" time="0.038" errors="0" timestamp="2023-11-15T23:04:03 GMT-08:00" skipped="0">
  <testcase classname="com.testframework.qa.testcases.MyAccountPageTest" name="verifyMyAccountPageTitleTest" time="0.038"/>
</testsuite> <!-- com.testframework.qa.testcases.MyAccountPageTest -->
