<?xml version="1.0" encoding="UTF-8"?>
<!-- Generated by org.testng.reporters.JUnitReportReporter -->
<testsuite hostname="DESKTOP-K2V67A8" failures="0" tests="2" name="test.TestNgDemo2" time="4.239" errors="0" timestamp="2023-10-17T12:52:07 GMT-07:00" skipped="0">
  <testcase classname="test.TestNgDemo2" name="googleSearch2" time="0.672"/>
  <testcase classname="test.TestNgDemo2" name="googleSearch3" time="3.567"/>
</testsuite> <!-- test.TestNgDemo2 -->
