<?xml version="1.0" encoding="UTF-8"?>
<!-- Generated by org.testng.reporters.JUnitReportReporter -->
<testsuite hostname="DESKTOP-K2V67A8" failures="0" tests="1" name="com.testframework.qa.testcases.HomePageTest" time="1.960" errors="0" timestamp="2023-11-14T15:01:50 GMT-08:00" skipped="0">
  <testcase classname="com.testframework.qa.testcases.HomePageTest" name="verifyHomePageTitleTest" time="1.960"/>
</testsuite> <!-- com.testframework.qa.testcases.HomePageTest -->
