<?xml version="1.0" encoding="UTF-8"?>
<!-- Generated by org.testng.reporters.JUnitReportReporter -->
<testsuite hostname="DESKTOP-K2V67A8" failures="0" tests="3" name="listeners.TestNgListenerDemo" time="1.795" errors="0" timestamp="2023-11-05T15:06:56 GMT-08:00" skipped="1">
  <testcase classname="listeners.TestNgListenerDemo" name="test1" time="0.006"/>
  <testcase classname="listeners.TestNgListenerDemo" name="test2" time="1.788"/>
  <testcase classname="listeners.TestNgListenerDemo" name="test3" time="0.001">
    <skipped/>
  </testcase> <!-- test3 -->
</testsuite> <!-- listeners.TestNgListenerDemo -->
