<?xml version="1.0" encoding="UTF-8"?>
<!-- Generated by org.testng.reporters.JUnitReportReporter -->
<testsuite hostname="DESKTOP-K2V67A8" failures="0" tests="1" name="com.testframework.qa.testcases.MyAccountPageTest" time="3.633" errors="0" timestamp="2023-11-16T22:30:39 GMT-08:00" skipped="0">
  <testcase classname="com.testframework.qa.testcases.MyAccountPageTest" name="verifyMyAccountPageTitleTest" time="3.633"/>
</testsuite> <!-- com.testframework.qa.testcases.MyAccountPageTest -->
