<?xml version="1.0" encoding="UTF-8"?>
<!-- Generated by org.testng.reporters.JUnitReportReporter -->
<testsuite hostname="DESKTOP-K2V67A8" failures="0" tests="1" name="com.testframework.qa.testcases.LoginPageTest" time="2.033" errors="0" timestamp="2023-11-09T22:23:28 GMT-08:00" skipped="0">
  <testcase classname="com.testframework.qa.testcases.LoginPageTest" name="loginPageTitleTest" time="2.033"/>
</testsuite> <!-- com.testframework.qa.testcases.LoginPageTest -->
