<?xml version="1.0" encoding="UTF-8"?>
<!-- Generated by org.testng.reporters.JUnitReportReporter -->
<testsuite hostname="DESKTOP-K2V67A8" failures="0" tests="3" name="demo.TestNgGroupsDemo" time="0.020" errors="0" timestamp="2023-11-04T20:03:39 GMT-07:00" skipped="0">
  <testcase classname="demo.TestNgGroupsDemo" name="test3" time="0.002"/>
  <testcase classname="demo.TestNgGroupsDemo" name="test2" time="0.017"/>
  <testcase classname="demo.TestNgGroupsDemo" name="test4" time="0.001"/>
</testsuite> <!-- demo.TestNgGroupsDemo -->
